[31-Aug-2018 14:06:44 UTC] PHP Warning:  mysqli_real_connect(): (HY000/1045): Access denied for user 'randys'@'localhost' (using password: YES) in C:\xampp\htdocs\sandy\website\wp-includes\wp-db.php on line 1531
[31-Aug-2018 14:06:44 UTC] PHP Warning:  mysqli_real_connect(): (HY000/1045): Access denied for user 'randys'@'localhost' (using password: YES) in C:\xampp\htdocs\sandy\website\wp-includes\wp-db.php on line 1531
[31-Aug-2018 14:27:46 UTC] PHP Warning:  mysqli_real_connect(): (HY000/1045): Access denied for user 'randys'@'localhost' (using password: YES) in C:\xampp\htdocs\randy\website\wp-includes\wp-db.php on line 1531
[31-Aug-2018 14:27:46 UTC] PHP Warning:  mysqli_real_connect(): (HY000/1045): Access denied for user 'randys'@'localhost' (using password: YES) in C:\xampp\htdocs\randy\website\wp-includes\wp-db.php on line 1531
[31-Aug-2018 14:34:02 UTC] PHP Warning:  mysqli_real_connect(): (HY000/1045): Access denied for user 'randys'@'localhost' (using password: YES) in C:\xampp\htdocs\randy\website\wp-includes\wp-db.php on line 1531
[31-Aug-2018 14:47:45 UTC] PHP Warning:  mysqli_real_connect(): (HY000/1045): Access denied for user 'randys'@'localhost' (using password: YES) in C:\xampp\htdocs\randy\website\wp-includes\wp-db.php on line 1531
[31-Aug-2018 15:03:08 UTC] PHP Warning:  An unexpected error occurred. Something may be wrong with WordPress.org or this server&#8217;s configuration. If you continue to have problems, please try the <a href="https://wordpress.org/support/">support forums</a>. (WordPress could not establish a secure connection to WordPress.org. Please contact your server administrator.) in C:\xampp\htdocs\randy\website\wp-includes\update.php on line 347
[31-Aug-2018 15:03:50 UTC] PHP Notice:  Trying to get property of non-object in C:\xampp\htdocs\randy\website\wp-content\plugins\enhanced-e-commerce-for-woocommerce-store\woocommerce-enhanced-ecommerce-google-analytics-integration.php on line 48
[31-Aug-2018 15:04:09 UTC] PHP Notice:  Trying to get property of non-object in C:\xampp\htdocs\randy\website\wp-content\plugins\enhanced-e-commerce-for-woocommerce-store\woocommerce-enhanced-ecommerce-google-analytics-integration.php on line 48
[31-Aug-2018 15:04:17 UTC] PHP Notice:  Trying to get property of non-object in C:\xampp\htdocs\randy\website\wp-content\plugins\enhanced-e-commerce-for-woocommerce-store\woocommerce-enhanced-ecommerce-google-analytics-integration.php on line 48
[31-Aug-2018 15:06:01 UTC] PHP Fatal error:  Maximum execution time of 30 seconds exceeded in C:\xampp\htdocs\randy\website\wp-includes\wp-db.php on line 1924
[31-Aug-2018 15:06:02 UTC] PHP Fatal error:  Class 'WC_Payment_Gateway_CC' not found in C:\xampp\htdocs\randy\website\wp-content\plugins\paypal-for-woocommerce\classes\wc-gateway-paypal-pro-payflow-angelleye.php on line 8
[31-Aug-2018 15:06:08 UTC] PHP Fatal error:  Class 'WC_Payment_Gateway_CC' not found in C:\xampp\htdocs\randy\website\wp-content\plugins\paypal-for-woocommerce\classes\wc-gateway-paypal-pro-payflow-angelleye.php on line 8
[31-Aug-2018 15:06:10 UTC] PHP Fatal error:  Class 'WC_Payment_Gateway_CC' not found in C:\xampp\htdocs\randy\website\wp-content\plugins\paypal-for-woocommerce\classes\wc-gateway-paypal-pro-payflow-angelleye.php on line 8
[31-Aug-2018 15:06:12 UTC] PHP Fatal error:  Class 'WC_Payment_Gateway_CC' not found in C:\xampp\htdocs\randy\website\wp-content\plugins\paypal-for-woocommerce\classes\wc-gateway-paypal-pro-payflow-angelleye.php on line 8
[31-Aug-2018 15:06:32 UTC] PHP Fatal error:  Class 'WC_Payment_Gateway_CC' not found in C:\xampp\htdocs\randy\website\wp-content\plugins\paypal-for-woocommerce\classes\wc-gateway-paypal-pro-payflow-angelleye.php on line 8
[31-Aug-2018 15:06:41 UTC] PHP Fatal error:  Class 'WC_Payment_Gateway_CC' not found in C:\xampp\htdocs\randy\website\wp-content\plugins\paypal-for-woocommerce\classes\wc-gateway-paypal-pro-payflow-angelleye.php on line 8
[31-Aug-2018 15:06:42 UTC] PHP Fatal error:  Class 'WC_Payment_Gateway_CC' not found in C:\xampp\htdocs\randy\website\wp-content\plugins\paypal-for-woocommerce\classes\wc-gateway-paypal-pro-payflow-angelleye.php on line 8
[31-Aug-2018 15:06:43 UTC] PHP Fatal error:  Class 'WC_Payment_Gateway_CC' not found in C:\xampp\htdocs\randy\website\wp-content\plugins\paypal-for-woocommerce\classes\wc-gateway-paypal-pro-payflow-angelleye.php on line 8
[31-Aug-2018 15:06:44 UTC] PHP Fatal error:  Class 'WC_Payment_Gateway_CC' not found in C:\xampp\htdocs\randy\website\wp-content\plugins\paypal-for-woocommerce\classes\wc-gateway-paypal-pro-payflow-angelleye.php on line 8
[31-Aug-2018 15:06:44 UTC] PHP Fatal error:  Class 'WC_Payment_Gateway_CC' not found in C:\xampp\htdocs\randy\website\wp-content\plugins\paypal-for-woocommerce\classes\wc-gateway-paypal-pro-payflow-angelleye.php on line 8
[31-Aug-2018 15:06:55 UTC] PHP Fatal error:  Class 'WC_Payment_Gateway_CC' not found in C:\xampp\htdocs\randy\website\wp-content\plugins\paypal-for-woocommerce\classes\wc-gateway-paypal-pro-payflow-angelleye.php on line 8
[31-Aug-2018 15:06:57 UTC] PHP Fatal error:  Class 'WC_Payment_Gateway_CC' not found in C:\xampp\htdocs\randy\website\wp-content\plugins\paypal-for-woocommerce\classes\wc-gateway-paypal-pro-payflow-angelleye.php on line 8
[31-Aug-2018 15:07:37 UTC] PHP Fatal error:  Class 'WC_Payment_Gateway_CC' not found in C:\xampp\htdocs\randy\website\wp-content\plugins\paypal-for-woocommerce\classes\wc-gateway-paypal-pro-payflow-angelleye.php on line 8
[31-Aug-2018 15:07:47 UTC] PHP Fatal error:  Class 'WC_Payment_Gateway_CC' not found in C:\xampp\htdocs\randy\website\wp-content\plugins\paypal-for-woocommerce\classes\wc-gateway-paypal-pro-payflow-angelleye.php on line 8
[31-Aug-2018 15:08:05 UTC] PHP Fatal error:  Class 'WC_Payment_Gateway_CC' not found in C:\xampp\htdocs\randy\website\wp-content\plugins\paypal-for-woocommerce\classes\wc-gateway-paypal-pro-payflow-angelleye.php on line 8
[31-Aug-2018 15:08:27 UTC] PHP Fatal error:  Class 'WC_Payment_Gateway_CC' not found in C:\xampp\htdocs\randy\website\wp-content\plugins\paypal-for-woocommerce\classes\wc-gateway-paypal-pro-payflow-angelleye.php on line 8
[31-Aug-2018 15:09:08 UTC] PHP Fatal error:  Class 'WC_Payment_Gateway_CC' not found in C:\xampp\htdocs\randy\website\wp-content\plugins\paypal-for-woocommerce\classes\wc-gateway-paypal-pro-payflow-angelleye.php on line 8
[31-Aug-2018 15:09:33 UTC] PHP Fatal error:  Class 'WC_Payment_Gateway_CC' not found in C:\xampp\htdocs\randy\website\wp-content\plugins\paypal-for-woocommerce\classes\wc-gateway-paypal-pro-payflow-angelleye.php on line 8
[31-Aug-2018 15:09:33 UTC] PHP Fatal error:  Class 'WC_Payment_Gateway_CC' not found in C:\xampp\htdocs\randy\website\wp-content\plugins\paypal-for-woocommerce\classes\wc-gateway-paypal-pro-payflow-angelleye.php on line 8
[31-Aug-2018 15:09:34 UTC] PHP Fatal error:  Class 'WC_Payment_Gateway_CC' not found in C:\xampp\htdocs\randy\website\wp-content\plugins\paypal-for-woocommerce\classes\wc-gateway-paypal-pro-payflow-angelleye.php on line 8
[31-Aug-2018 15:09:34 UTC] PHP Fatal error:  Class 'WC_Payment_Gateway_CC' not found in C:\xampp\htdocs\randy\website\wp-content\plugins\paypal-for-woocommerce\classes\wc-gateway-paypal-pro-payflow-angelleye.php on line 8
[31-Aug-2018 15:09:35 UTC] PHP Fatal error:  Class 'WC_Payment_Gateway_CC' not found in C:\xampp\htdocs\randy\website\wp-content\plugins\paypal-for-woocommerce\classes\wc-gateway-paypal-pro-payflow-angelleye.php on line 8
[31-Aug-2018 15:10:34 UTC] PHP Fatal error:  Class 'WC_Payment_Gateway_CC' not found in C:\xampp\htdocs\randy\website\wp-content\plugins\paypal-for-woocommerce\classes\wc-gateway-paypal-pro-payflow-angelleye.php on line 8
[31-Aug-2018 15:12:35 UTC] PHP Fatal error:  Class 'WC_Payment_Gateway_CC' not found in C:\xampp\htdocs\randy\website\wp-content\plugins\paypal-for-woocommerce\classes\wc-gateway-paypal-pro-payflow-angelleye.php on line 8
[31-Aug-2018 15:12:59 UTC] PHP Fatal error:  Class 'WC_Payment_Gateway_CC' not found in C:\xampp\htdocs\randy\website\wp-content\plugins\paypal-for-woocommerce\classes\wc-gateway-paypal-pro-payflow-angelleye.php on line 8
[31-Aug-2018 15:13:01 UTC] PHP Fatal error:  Class 'WC_Payment_Gateway_CC' not found in C:\xampp\htdocs\randy\website\wp-content\plugins\paypal-for-woocommerce\classes\wc-gateway-paypal-pro-payflow-angelleye.php on line 8
[31-Aug-2018 15:13:10 UTC] PHP Fatal error:  Class 'WC_Payment_Gateway_CC' not found in C:\xampp\htdocs\randy\website\wp-content\plugins\paypal-for-woocommerce\classes\wc-gateway-paypal-pro-payflow-angelleye.php on line 8
[31-Aug-2018 15:13:11 UTC] PHP Fatal error:  Class 'WC_Payment_Gateway_CC' not found in C:\xampp\htdocs\randy\website\wp-content\plugins\paypal-for-woocommerce\classes\wc-gateway-paypal-pro-payflow-angelleye.php on line 8
[31-Aug-2018 15:13:28 UTC] PHP Fatal error:  Class 'WC_Payment_Gateway_CC' not found in C:\xampp\htdocs\randy\website\wp-content\plugins\paypal-for-woocommerce\classes\wc-gateway-paypal-pro-payflow-angelleye.php on line 8
[31-Aug-2018 15:13:36 UTC] PHP Fatal error:  Class 'WC_Payment_Gateway_CC' not found in C:\xampp\htdocs\randy\website\wp-content\plugins\paypal-for-woocommerce\classes\wc-gateway-paypal-pro-payflow-angelleye.php on line 8
[31-Aug-2018 15:15:18 UTC] PHP Fatal error:  Class 'WC_Payment_Gateway_CC' not found in C:\xampp\htdocs\randy\website\wp-content\plugins\paypal-for-woocommerce\classes\wc-gateway-paypal-pro-payflow-angelleye.php on line 8
[31-Aug-2018 15:15:27 UTC] PHP Fatal error:  Class 'WC_Payment_Gateway_CC' not found in C:\xampp\htdocs\randy\website\wp-content\plugins\paypal-for-woocommerce\classes\wc-gateway-paypal-pro-payflow-angelleye.php on line 8
[31-Aug-2018 15:16:18 UTC] PHP Fatal error:  Class 'WC_Payment_Gateway_CC' not found in C:\xampp\htdocs\randy\website\wp-content\plugins\paypal-for-woocommerce\classes\wc-gateway-paypal-pro-payflow-angelleye.php on line 8
[31-Aug-2018 15:18:19 UTC] PHP Fatal error:  Class 'WC_Payment_Gateway_CC' not found in C:\xampp\htdocs\randy\website\wp-content\plugins\paypal-for-woocommerce\classes\wc-gateway-paypal-pro-payflow-angelleye.php on line 8
[31-Aug-2018 15:20:20 UTC] PHP Fatal error:  Class 'WC_Payment_Gateway_CC' not found in C:\xampp\htdocs\randy\website\wp-content\plugins\paypal-for-woocommerce\classes\wc-gateway-paypal-pro-payflow-angelleye.php on line 8
[31-Aug-2018 15:22:21 UTC] PHP Fatal error:  Class 'WC_Payment_Gateway_CC' not found in C:\xampp\htdocs\randy\website\wp-content\plugins\paypal-for-woocommerce\classes\wc-gateway-paypal-pro-payflow-angelleye.php on line 8
[31-Aug-2018 15:24:22 UTC] PHP Fatal error:  Class 'WC_Payment_Gateway_CC' not found in C:\xampp\htdocs\randy\website\wp-content\plugins\paypal-for-woocommerce\classes\wc-gateway-paypal-pro-payflow-angelleye.php on line 8
[31-Aug-2018 15:35:53 UTC] PHP Fatal error:  Class 'WC_Payment_Gateway_CC' not found in C:\xampp\htdocs\randy\website\wp-content\plugins\paypal-for-woocommerce\classes\wc-gateway-paypal-pro-payflow-angelleye.php on line 8
[31-Aug-2018 15:36:26 UTC] PHP Fatal error:  Class 'WC_Payment_Gateway_CC' not found in C:\xampp\htdocs\randy\website\wp-content\plugins\paypal-for-woocommerce\classes\wc-gateway-paypal-pro-payflow-angelleye.php on line 8
[31-Aug-2018 15:36:36 UTC] PHP Fatal error:  Class 'WC_Payment_Gateway_CC' not found in C:\xampp\htdocs\randy\website\wp-content\plugins\paypal-for-woocommerce\classes\wc-gateway-paypal-pro-payflow-angelleye.php on line 8
[31-Aug-2018 15:36:53 UTC] PHP Fatal error:  Class 'WC_Payment_Gateway_CC' not found in C:\xampp\htdocs\randy\website\wp-content\plugins\paypal-for-woocommerce\classes\wc-gateway-paypal-pro-payflow-angelleye.php on line 8
[31-Aug-2018 15:36:55 UTC] PHP Fatal error:  Class 'WC_Payment_Gateway_CC' not found in C:\xampp\htdocs\randy\website\wp-content\plugins\paypal-for-woocommerce\classes\wc-gateway-paypal-pro-payflow-angelleye.php on line 8
[31-Aug-2018 15:36:55 UTC] PHP Fatal error:  Class 'WC_Payment_Gateway_CC' not found in C:\xampp\htdocs\randy\website\wp-content\plugins\paypal-for-woocommerce\classes\wc-gateway-paypal-pro-payflow-angelleye.php on line 8
[31-Aug-2018 15:36:55 UTC] PHP Fatal error:  Class 'WC_Payment_Gateway_CC' not found in C:\xampp\htdocs\randy\website\wp-content\plugins\paypal-for-woocommerce\classes\wc-gateway-paypal-pro-payflow-angelleye.php on line 8
[31-Aug-2018 15:36:55 UTC] PHP Fatal error:  Class 'WC_Payment_Gateway_CC' not found in C:\xampp\htdocs\randy\website\wp-content\plugins\paypal-for-woocommerce\classes\wc-gateway-paypal-pro-payflow-angelleye.php on line 8
[31-Aug-2018 15:38:54 UTC] PHP Fatal error:  Class 'WC_Payment_Gateway_CC' not found in C:\xampp\htdocs\randy\website\wp-content\plugins\paypal-for-woocommerce\classes\wc-gateway-paypal-pro-payflow-angelleye.php on line 8
[31-Aug-2018 15:39:31 UTC] PHP Fatal error:  Class 'WC_Payment_Gateway_CC' not found in C:\xampp\htdocs\randy\website\wp-content\plugins\paypal-for-woocommerce\classes\wc-gateway-paypal-pro-payflow-angelleye.php on line 8
[31-Aug-2018 15:39:33 UTC] PHP Fatal error:  Class 'WC_Payment_Gateway_CC' not found in C:\xampp\htdocs\randy\website\wp-content\plugins\paypal-for-woocommerce\classes\wc-gateway-paypal-pro-payflow-angelleye.php on line 8
[31-Aug-2018 15:39:35 UTC] PHP Fatal error:  Class 'WC_Payment_Gateway_CC' not found in C:\xampp\htdocs\randy\website\wp-content\plugins\paypal-for-woocommerce\classes\wc-gateway-paypal-pro-payflow-angelleye.php on line 8
[31-Aug-2018 15:41:27 UTC] PHP Fatal error:  Class 'WC_Payment_Gateway_CC' not found in C:\xampp\htdocs\randy\website\wp-content\plugins\paypal-for-woocommerce\classes\wc-gateway-paypal-pro-payflow-angelleye.php on line 8
[31-Aug-2018 15:41:28 UTC] PHP Fatal error:  Class 'WC_Payment_Gateway_CC' not found in C:\xampp\htdocs\randy\website\wp-content\plugins\paypal-for-woocommerce\classes\wc-gateway-paypal-pro-payflow-angelleye.php on line 8
[31-Aug-2018 15:41:29 UTC] PHP Fatal error:  Class 'WC_Payment_Gateway_CC' not found in C:\xampp\htdocs\randy\website\wp-content\plugins\paypal-for-woocommerce\classes\wc-gateway-paypal-pro-payflow-angelleye.php on line 8
[31-Aug-2018 15:41:29 UTC] PHP Fatal error:  Class 'WC_Payment_Gateway_CC' not found in C:\xampp\htdocs\randy\website\wp-content\plugins\paypal-for-woocommerce\classes\wc-gateway-paypal-pro-payflow-angelleye.php on line 8
[31-Aug-2018 15:42:56 UTC] PHP Fatal error:  Class 'WC_Payment_Gateway_CC' not found in C:\xampp\htdocs\randy\website\wp-content\plugins\paypal-for-woocommerce\classes\wc-gateway-paypal-pro-payflow-angelleye.php on line 8
[31-Aug-2018 15:44:57 UTC] PHP Fatal error:  Class 'WC_Payment_Gateway_CC' not found in C:\xampp\htdocs\randy\website\wp-content\plugins\paypal-for-woocommerce\classes\wc-gateway-paypal-pro-payflow-angelleye.php on line 8
[31-Aug-2018 15:46:58 UTC] PHP Fatal error:  Class 'WC_Payment_Gateway_CC' not found in C:\xampp\htdocs\randy\website\wp-content\plugins\paypal-for-woocommerce\classes\wc-gateway-paypal-pro-payflow-angelleye.php on line 8
[31-Aug-2018 15:47:37 UTC] PHP Fatal error:  Class 'WC_Payment_Gateway_CC' not found in C:\xampp\htdocs\randy\website\wp-content\plugins\paypal-for-woocommerce\classes\wc-gateway-paypal-pro-payflow-angelleye.php on line 8
[31-Aug-2018 15:53:19 UTC] PHP Warning:  mysqli_real_connect(): (HY000/2002): No connection could be made because the target machine actively refused it.
 in C:\xampp\htdocs\randy\website\wp-includes\wp-db.php on line 1531
[31-Aug-2018 15:53:30 UTC] PHP Fatal error:  Class 'WC_Payment_Gateway_CC' not found in C:\xampp\htdocs\randy\website\wp-content\plugins\paypal-for-woocommerce\classes\wc-gateway-paypal-pro-payflow-angelleye.php on line 8
[31-Aug-2018 15:53:33 UTC] PHP Fatal error:  Class 'WC_Payment_Gateway_CC' not found in C:\xampp\htdocs\randy\website\wp-content\plugins\paypal-for-woocommerce\classes\wc-gateway-paypal-pro-payflow-angelleye.php on line 8
[31-Aug-2018 15:55:06 UTC] PHP Fatal error:  Class 'WC_Payment_Gateway_CC' not found in C:\xampp\htdocs\randy\website\wp-content\plugins\paypal-for-woocommerce\classes\wc-gateway-paypal-pro-payflow-angelleye.php on line 8
[31-Aug-2018 15:55:07 UTC] PHP Fatal error:  Class 'WC_Payment_Gateway_CC' not found in C:\xampp\htdocs\randy\website\wp-content\plugins\paypal-for-woocommerce\classes\wc-gateway-paypal-pro-payflow-angelleye.php on line 8
[31-Aug-2018 15:55:07 UTC] PHP Fatal error:  Class 'WC_Payment_Gateway_CC' not found in C:\xampp\htdocs\randy\website\wp-content\plugins\paypal-for-woocommerce\classes\wc-gateway-paypal-pro-payflow-angelleye.php on line 8
[31-Aug-2018 15:55:10 UTC] PHP Fatal error:  Class 'WC_Payment_Gateway_CC' not found in C:\xampp\htdocs\randy\website\wp-content\plugins\paypal-for-woocommerce\classes\wc-gateway-paypal-pro-payflow-angelleye.php on line 8
[31-Aug-2018 15:56:27 UTC] PHP Fatal error:  Class 'WC_Payment_Gateway_CC' not found in C:\xampp\htdocs\randy\website\wp-content\plugins\paypal-for-woocommerce\classes\wc-gateway-paypal-pro-payflow-angelleye.php on line 8
[31-Aug-2018 16:05:20 UTC] PHP Fatal error:  Class 'WC_Payment_Gateway_CC' not found in C:\xampp\htdocs\randy\website\wp-content\plugins\paypal-for-woocommerce\classes\wc-gateway-paypal-pro-payflow-angelleye.php on line 8
[31-Aug-2018 16:06:21 UTC] PHP Fatal error:  Class 'WC_Payment_Gateway_CC' not found in C:\xampp\htdocs\randy\website\wp-content\plugins\paypal-for-woocommerce\classes\wc-gateway-paypal-pro-payflow-angelleye.php on line 8
[31-Aug-2018 16:08:21 UTC] PHP Fatal error:  Class 'WC_Payment_Gateway_CC' not found in C:\xampp\htdocs\randy\website\wp-content\plugins\paypal-for-woocommerce\classes\wc-gateway-paypal-pro-payflow-angelleye.php on line 8
[31-Aug-2018 16:10:22 UTC] PHP Fatal error:  Class 'WC_Payment_Gateway_CC' not found in C:\xampp\htdocs\randy\website\wp-content\plugins\paypal-for-woocommerce\classes\wc-gateway-paypal-pro-payflow-angelleye.php on line 8
[31-Aug-2018 16:11:22 UTC] PHP Fatal error:  Class 'WC_Payment_Gateway_CC' not found in C:\xampp\htdocs\randy\website\wp-content\plugins\paypal-for-woocommerce\classes\wc-gateway-paypal-pro-payflow-angelleye.php on line 8
[31-Aug-2018 16:11:29 UTC] PHP Fatal error:  Class 'WC_Payment_Gateway_CC' not found in C:\xampp\htdocs\randy\website\wp-content\plugins\paypal-for-woocommerce\classes\wc-gateway-paypal-pro-payflow-angelleye.php on line 8
[31-Aug-2018 16:12:23 UTC] PHP Fatal error:  Class 'WC_Payment_Gateway_CC' not found in C:\xampp\htdocs\randy\website\wp-content\plugins\paypal-for-woocommerce\classes\wc-gateway-paypal-pro-payflow-angelleye.php on line 8
[31-Aug-2018 16:14:24 UTC] PHP Fatal error:  Class 'WC_Payment_Gateway_CC' not found in C:\xampp\htdocs\randy\website\wp-content\plugins\paypal-for-woocommerce\classes\wc-gateway-paypal-pro-payflow-angelleye.php on line 8
[31-Aug-2018 16:14:45 UTC] PHP Fatal error:  Class 'WC_Payment_Gateway_CC' not found in C:\xampp\htdocs\randy\website\wp-content\plugins\paypal-for-woocommerce\classes\wc-gateway-paypal-pro-payflow-angelleye.php on line 8
[31-Aug-2018 16:14:49 UTC] PHP Fatal error:  Class 'WC_Payment_Gateway_CC' not found in C:\xampp\htdocs\randy\website\wp-content\plugins\paypal-for-woocommerce\classes\wc-gateway-paypal-pro-payflow-angelleye.php on line 8
[31-Aug-2018 16:15:03 UTC] PHP Fatal error:  Class 'WC_Payment_Gateway_CC' not found in C:\xampp\htdocs\randy\website\wp-content\plugins\paypal-for-woocommerce\classes\wc-gateway-paypal-pro-payflow-angelleye.php on line 8
[31-Aug-2018 16:32:57 UTC] PHP Fatal error:  Class 'WC_Payment_Gateway_CC' not found in C:\xampp\htdocs\randy\website\wp-content\plugins\paypal-for-woocommerce\classes\wc-gateway-paypal-pro-payflow-angelleye.php on line 8
[31-Aug-2018 16:36:25 UTC] PHP Fatal error:  Class 'WC_Payment_Gateway_CC' not found in C:\xampp\htdocs\randy\website\wp-content\plugins\paypal-for-woocommerce\classes\wc-gateway-paypal-pro-payflow-angelleye.php on line 8
[31-Aug-2018 16:36:57 UTC] PHP Fatal error:  Class 'WC_Payment_Gateway_CC' not found in C:\xampp\htdocs\randy\website\wp-content\plugins\paypal-for-woocommerce\classes\wc-gateway-paypal-pro-payflow-angelleye.php on line 8
[31-Aug-2018 16:49:11 UTC] PHP Fatal error:  Class 'WC_Payment_Gateway_CC' not found in C:\xampp\htdocs\randy\website\wp-content\plugins\paypal-for-woocommerce\classes\wc-gateway-paypal-pro-payflow-angelleye.php on line 8
[31-Aug-2018 16:50:32 UTC] PHP Fatal error:  Class 'WC_Payment_Gateway_CC' not found in C:\xampp\htdocs\randy\website\wp-content\plugins\paypal-for-woocommerce\classes\wc-gateway-paypal-pro-payflow-angelleye.php on line 8
[31-Aug-2018 16:57:23 UTC] PHP Fatal error:  Class 'WC_Payment_Gateway_CC' not found in C:\xampp\htdocs\randy\website\wp-content\plugins\paypal-for-woocommerce\classes\wc-gateway-paypal-pro-payflow-angelleye.php on line 8
[31-Aug-2018 16:57:49 UTC] PHP Fatal error:  Class 'WC_Payment_Gateway_CC' not found in C:\xampp\htdocs\randy\website\wp-content\plugins\paypal-for-woocommerce\classes\wc-gateway-paypal-pro-payflow-angelleye.php on line 8
[31-Aug-2018 16:58:03 UTC] PHP Fatal error:  Class 'WC_Payment_Gateway_CC' not found in C:\xampp\htdocs\randy\website\wp-content\plugins\paypal-for-woocommerce\classes\wc-gateway-paypal-pro-payflow-angelleye.php on line 8
[31-Aug-2018 20:13:36 UTC] PHP Fatal error:  Class 'WC_Payment_Gateway_CC' not found in C:\xampp\htdocs\randy\website\wp-content\plugins\paypal-for-woocommerce\classes\wc-gateway-paypal-pro-payflow-angelleye.php on line 8
[31-Aug-2018 20:14:09 UTC] PHP Fatal error:  Class 'WC_Payment_Gateway_CC' not found in C:\xampp\htdocs\randy\website\wp-content\plugins\paypal-for-woocommerce\classes\wc-gateway-paypal-pro-payflow-angelleye.php on line 8
[31-Aug-2018 20:14:26 UTC] PHP Fatal error:  Class 'WC_Payment_Gateway_CC' not found in C:\xampp\htdocs\randy\website\wp-content\plugins\paypal-for-woocommerce\classes\wc-gateway-paypal-pro-payflow-angelleye.php on line 8
[31-Aug-2018 20:15:12 UTC] PHP Fatal error:  Class 'WC_Payment_Gateway_CC' not found in C:\xampp\htdocs\randy\website\wp-content\plugins\paypal-for-woocommerce\classes\wc-gateway-paypal-pro-payflow-angelleye.php on line 8
[31-Aug-2018 20:15:12 UTC] PHP Fatal error:  Class 'WC_Payment_Gateway_CC' not found in C:\xampp\htdocs\randy\website\wp-content\plugins\paypal-for-woocommerce\classes\wc-gateway-paypal-pro-payflow-angelleye.php on line 8
[31-Aug-2018 20:15:15 UTC] PHP Fatal error:  Class 'WC_Payment_Gateway_CC' not found in C:\xampp\htdocs\randy\website\wp-content\plugins\paypal-for-woocommerce\classes\wc-gateway-paypal-pro-payflow-angelleye.php on line 8
[31-Aug-2018 20:15:17 UTC] PHP Fatal error:  Class 'WC_Payment_Gateway_CC' not found in C:\xampp\htdocs\randy\website\wp-content\plugins\paypal-for-woocommerce\classes\wc-gateway-paypal-pro-payflow-angelleye.php on line 8
[31-Aug-2018 20:15:18 UTC] PHP Fatal error:  Class 'WC_Payment_Gateway_CC' not found in C:\xampp\htdocs\randy\website\wp-content\plugins\paypal-for-woocommerce\classes\wc-gateway-paypal-pro-payflow-angelleye.php on line 8
[31-Aug-2018 20:22:34 UTC] PHP Fatal error:  Class 'WC_Payment_Gateway_CC' not found in C:\xampp\htdocs\randy\website\wp-content\plugins\paypal-for-woocommerce\classes\wc-gateway-paypal-pro-payflow-angelleye.php on line 8
[31-Aug-2018 20:23:26 UTC] PHP Fatal error:  Class 'WC_Payment_Gateway_CC' not found in C:\xampp\htdocs\randy\website\wp-content\plugins\paypal-for-woocommerce\classes\wc-gateway-paypal-pro-payflow-angelleye.php on line 8
[31-Aug-2018 20:23:28 UTC] PHP Fatal error:  Class 'WC_Payment_Gateway_CC' not found in C:\xampp\htdocs\randy\website\wp-content\plugins\paypal-for-woocommerce\classes\wc-gateway-paypal-pro-payflow-angelleye.php on line 8
[31-Aug-2018 20:25:15 UTC] PHP Fatal error:  Class 'WC_Payment_Gateway_CC' not found in C:\xampp\htdocs\randy\website\wp-content\plugins\paypal-for-woocommerce\classes\wc-gateway-paypal-pro-payflow-angelleye.php on line 8
[31-Aug-2018 20:25:16 UTC] PHP Fatal error:  Class 'WC_Payment_Gateway_CC' not found in C:\xampp\htdocs\randy\website\wp-content\plugins\paypal-for-woocommerce\classes\wc-gateway-paypal-pro-payflow-angelleye.php on line 8
[31-Aug-2018 20:25:17 UTC] PHP Fatal error:  Class 'WC_Payment_Gateway_CC' not found in C:\xampp\htdocs\randy\website\wp-content\plugins\paypal-for-woocommerce\classes\wc-gateway-paypal-pro-payflow-angelleye.php on line 8
[31-Aug-2018 20:26:20 UTC] PHP Fatal error:  Class 'WC_Payment_Gateway_CC' not found in C:\xampp\htdocs\randy\website\wp-content\plugins\paypal-for-woocommerce\classes\wc-gateway-paypal-pro-payflow-angelleye.php on line 8
[31-Aug-2018 20:26:21 UTC] PHP Fatal error:  Class 'WC_Payment_Gateway_CC' not found in C:\xampp\htdocs\randy\website\wp-content\plugins\paypal-for-woocommerce\classes\wc-gateway-paypal-pro-payflow-angelleye.php on line 8
[31-Aug-2018 20:26:21 UTC] PHP Fatal error:  Class 'WC_Payment_Gateway_CC' not found in C:\xampp\htdocs\randy\website\wp-content\plugins\paypal-for-woocommerce\classes\wc-gateway-paypal-pro-payflow-angelleye.php on line 8
[03-Sep-2018 10:13:05 UTC] PHP Fatal error:  Class 'WC_Payment_Gateway_CC' not found in C:\xampp\htdocs\randy\website\wp-content\plugins\paypal-for-woocommerce\classes\wc-gateway-paypal-pro-payflow-angelleye.php on line 8
[03-Sep-2018 12:58:44 UTC] PHP Fatal error:  Maximum execution time of 30 seconds exceeded in C:\xampp\htdocs\randy\website\wp-includes\functions.php on line 4834
[03-Sep-2018 12:59:04 UTC] PHP Fatal error:  Class 'WC_Payment_Gateway_CC' not found in C:\xampp\htdocs\randy\website\wp-content\plugins\paypal-for-woocommerce\classes\wc-gateway-paypal-pro-payflow-angelleye.php on line 8
[03-Sep-2018 13:04:54 UTC] PHP Fatal error:  Class 'WC_Payment_Gateway_CC' not found in C:\xampp\htdocs\randy\website\wp-content\plugins\paypal-for-woocommerce\classes\wc-gateway-paypal-pro-payflow-angelleye.php on line 8
[03-Sep-2018 13:04:57 UTC] PHP Fatal error:  Class 'WC_Payment_Gateway_CC' not found in C:\xampp\htdocs\randy\website\wp-content\plugins\paypal-for-woocommerce\classes\wc-gateway-paypal-pro-payflow-angelleye.php on line 8
[03-Sep-2018 13:04:57 UTC] PHP Fatal error:  Class 'WC_Payment_Gateway_CC' not found in C:\xampp\htdocs\randy\website\wp-content\plugins\paypal-for-woocommerce\classes\wc-gateway-paypal-pro-payflow-angelleye.php on line 8
[03-Sep-2018 13:04:58 UTC] PHP Fatal error:  Class 'WC_Payment_Gateway_CC' not found in C:\xampp\htdocs\randy\website\wp-content\plugins\paypal-for-woocommerce\classes\wc-gateway-paypal-pro-payflow-angelleye.php on line 8
[03-Sep-2018 13:04:58 UTC] PHP Fatal error:  Class 'WC_Payment_Gateway_CC' not found in C:\xampp\htdocs\randy\website\wp-content\plugins\paypal-for-woocommerce\classes\wc-gateway-paypal-pro-payflow-angelleye.php on line 8
[03-Sep-2018 13:04:58 UTC] PHP Fatal error:  Class 'WC_Payment_Gateway_CC' not found in C:\xampp\htdocs\randy\website\wp-content\plugins\paypal-for-woocommerce\classes\wc-gateway-paypal-pro-payflow-angelleye.php on line 8
[03-Sep-2018 13:04:58 UTC] PHP Fatal error:  Class 'WC_Payment_Gateway_CC' not found in C:\xampp\htdocs\randy\website\wp-content\plugins\paypal-for-woocommerce\classes\wc-gateway-paypal-pro-payflow-angelleye.php on line 8
[03-Sep-2018 13:06:54 UTC] PHP Fatal error:  Class 'WC_Payment_Gateway_CC' not found in C:\xampp\htdocs\randy\website\wp-content\plugins\paypal-for-woocommerce\classes\wc-gateway-paypal-pro-payflow-angelleye.php on line 8
[03-Sep-2018 13:09:01 UTC] PHP Fatal error:  Class 'WC_Payment_Gateway_CC' not found in C:\xampp\htdocs\randy\website\wp-content\plugins\paypal-for-woocommerce\classes\wc-gateway-paypal-pro-payflow-angelleye.php on line 8
[03-Sep-2018 13:09:30 UTC] PHP Fatal error:  Class 'WC_Payment_Gateway_CC' not found in C:\xampp\htdocs\randy\website\wp-content\plugins\paypal-for-woocommerce\classes\wc-gateway-paypal-pro-payflow-angelleye.php on line 8
